<?xml version="1.0" encoding="UTF-8"?>
<!-- Generated by org.testng.reporters.JUnitXMLReporter -->
<testsuite ignored="0" hostname="Shalu" failures="0" tests="5" name="ShoppingCartTests" time="49.446" errors="0" timestamp="2025-11-16T13:38:03 IST">
  <testcase classname="tests.LoginTest" name="validLoginTest" time="2.67"/>
  <testcase classname="tests.AddToCartTest" name="add" time="2.462"/>
  <testcase classname="tests.UpdateCartTest" name="dummy" time="0.002"/>
  <testcase classname="tests.RemoveItemTest" name="remove" time="0.003"/>
  <testcase classname="tests.CheckoutTest" name="checkout" time="5.241"/>
</testsuite> <!-- ShoppingCartTests -->
